AH00558: apache2: Could not reliably determine the server's fully qualified domain name, using 172.18.0.3. Set the 'ServerName' directive globally to suppress this message
[Tue Feb 04 13:48:23.966601 2025] [mpm_prefork:notice] [pid 1:tid 1] AH00163: Apache/2.4.62 (Debian) PHP/8.1.31 configured -- resuming normal operations
[Tue Feb 04 13:48:23.967617 2025] [core:notice] [pid 1:tid 1] AH00094: Command line: 'apache2 -D FOREGROUND'
[Tue Feb 04 13:48:29.395089 2025] [mpm_prefork:notice] [pid 1:tid 1] AH00170: caught SIGWINCH, shutting down gracefully
AH00558: apache2: Could not reliably determine the server's fully qualified domain name, using 172.18.0.3. Set the 'ServerName' directive globally to suppress this message
[Tue Feb 04 13:48:31.884581 2025] [mpm_prefork:notice] [pid 1:tid 1] AH00163: Apache/2.4.62 (Debian) PHP/8.1.31 configured -- resuming normal operations
[Tue Feb 04 13:48:31.885934 2025] [core:notice] [pid 1:tid 1] AH00094: Command line: 'apache2 -D FOREGROUND'
[Tue Feb 04 13:51:04.650166 2025] [mpm_prefork:notice] [pid 1:tid 1] AH00170: caught SIGWINCH, shutting down gracefully
AH00558: apache2: Could not reliably determine the server's fully qualified domain name, using 172.18.0.3. Set the 'ServerName' directive globally to suppress this message
[Tue Feb 04 13:56:09.928191 2025] [mpm_prefork:notice] [pid 14:tid 14] AH00163: Apache/2.4.62 (Debian) PHP/8.1.31 configured -- resuming normal operations
[Tue Feb 04 13:56:09.928528 2025] [core:notice] [pid 14:tid 14] AH00094: Command line: 'apache2 -D FOREGROUND'
AH00558: apache2: Could not reliably determine the server's fully qualified domain name, using 172.18.0.3. Set the 'ServerName' directive globally to suppress this message
[Mon Feb 10 09:27:17.180936 2025] [mpm_prefork:notice] [pid 14:tid 14] AH00163: Apache/2.4.62 (Debian) PHP/8.1.31 configured -- resuming normal operations
[Mon Feb 10 09:27:17.181328 2025] [core:notice] [pid 14:tid 14] AH00094: Command line: 'apache2 -D FOREGROUND'
AH00558: apache2: Could not reliably determine the server's fully qualified domain name, using 172.18.0.3. Set the 'ServerName' directive globally to suppress this message
[Mon Feb 10 12:15:52.583838 2025] [mpm_prefork:notice] [pid 14:tid 14] AH00163: Apache/2.4.62 (Debian) PHP/8.1.31 configured -- resuming normal operations
[Mon Feb 10 12:15:52.584091 2025] [core:notice] [pid 14:tid 14] AH00094: Command line: 'apache2 -D FOREGROUND'
AH00558: apache2: Could not reliably determine the server's fully qualified domain name, using 172.18.0.3. Set the 'ServerName' directive globally to suppress this message
[Mon Feb 10 12:19:50.606553 2025] [mpm_prefork:notice] [pid 14:tid 14] AH00163: Apache/2.4.62 (Debian) PHP/8.1.31 configured -- resuming normal operations
[Mon Feb 10 12:19:50.606983 2025] [core:notice] [pid 14:tid 14] AH00094: Command line: 'apache2 -D FOREGROUND'
AH00558: apache2: Could not reliably determine the server's fully qualified domain name, using 172.18.0.3. Set the 'ServerName' directive globally to suppress this message
[Mon Feb 10 12:39:08.626292 2025] [mpm_prefork:notice] [pid 14:tid 14] AH00163: Apache/2.4.62 (Debian) PHP/8.1.31 configured -- resuming normal operations
[Mon Feb 10 12:39:08.626571 2025] [core:notice] [pid 14:tid 14] AH00094: Command line: 'apache2 -D FOREGROUND'
AH00558: apache2: Could not reliably determine the server's fully qualified domain name, using 172.18.0.3. Set the 'ServerName' directive globally to suppress this message
[Mon Feb 10 13:15:54.421505 2025] [mpm_prefork:notice] [pid 14:tid 14] AH00163: Apache/2.4.62 (Debian) PHP/8.1.31 configured -- resuming normal operations
[Mon Feb 10 13:15:54.421773 2025] [core:notice] [pid 14:tid 14] AH00094: Command line: 'apache2 -D FOREGROUND'
AH00558: apache2: Could not reliably determine the server's fully qualified domain name, using 172.18.0.3. Set the 'ServerName' directive globally to suppress this message
[Mon Feb 10 13:18:53.062365 2025] [mpm_prefork:notice] [pid 14:tid 14] AH00163: Apache/2.4.62 (Debian) PHP/8.1.31 configured -- resuming normal operations
[Mon Feb 10 13:18:53.062637 2025] [core:notice] [pid 14:tid 14] AH00094: Command line: 'apache2 -D FOREGROUND'
AH00558: apache2: Could not reliably determine the server's fully qualified domain name, using 172.18.0.3. Set the 'ServerName' directive globally to suppress this message
[Mon Feb 10 14:07:51.932962 2025] [mpm_prefork:notice] [pid 14:tid 14] AH00163: Apache/2.4.62 (Debian) PHP/8.1.31 configured -- resuming normal operations
[Mon Feb 10 14:07:51.933355 2025] [core:notice] [pid 14:tid 14] AH00094: Command line: 'apache2 -D FOREGROUND'
AH00558: apache2: Could not reliably determine the server's fully qualified domain name, using 172.18.0.3. Set the 'ServerName' directive globally to suppress this message
[Mon Feb 10 14:43:55.029041 2025] [mpm_prefork:notice] [pid 14:tid 14] AH00163: Apache/2.4.62 (Debian) PHP/8.1.31 configured -- resuming normal operations
[Mon Feb 10 14:43:55.029344 2025] [core:notice] [pid 14:tid 14] AH00094: Command line: 'apache2 -D FOREGROUND'
AH00558: apache2: Could not reliably determine the server's fully qualified domain name, using 172.18.0.3. Set the 'ServerName' directive globally to suppress this message
[Mon Feb 10 15:04:08.335593 2025] [mpm_prefork:notice] [pid 14:tid 14] AH00163: Apache/2.4.62 (Debian) PHP/8.1.31 configured -- resuming normal operations
[Mon Feb 10 15:04:08.335915 2025] [core:notice] [pid 14:tid 14] AH00094: Command line: 'apache2 -D FOREGROUND'
AH00558: apache2: Could not reliably determine the server's fully qualified domain name, using 172.18.0.3. Set the 'ServerName' directive globally to suppress this message
[Mon Feb 10 15:09:05.694189 2025] [mpm_prefork:notice] [pid 14:tid 14] AH00163: Apache/2.4.62 (Debian) PHP/8.1.31 configured -- resuming normal operations
[Mon Feb 10 15:09:05.694556 2025] [core:notice] [pid 14:tid 14] AH00094: Command line: 'apache2 -D FOREGROUND'
AH00558: apache2: Could not reliably determine the server's fully qualified domain name, using 172.18.0.3. Set the 'ServerName' directive globally to suppress this message
[Mon Feb 10 15:43:20.920138 2025] [mpm_prefork:notice] [pid 14:tid 14] AH00163: Apache/2.4.62 (Debian) PHP/8.1.31 configured -- resuming normal operations
[Mon Feb 10 15:43:20.920402 2025] [core:notice] [pid 14:tid 14] AH00094: Command line: 'apache2 -D FOREGROUND'
